# JRE version: Java(TM) SE Runtime Environment (8.0_201-b09) (build 1.8.0_201-b09)
# Java VM: Java HotSpot(TM) 64-Bit Server VM (25.201-b09 mixed mode linux-amd64 compressed oops)
Heap:
 PSYoungGen      total 139264K, used 138912K [0x000000076cd00000, 0x000000077b080000, 0x00000007c0000000)
  eden space 138752K, 100% used [0x000000076cd00000,0x0000000775480000,0x0000000775480000)
  from space 512K, 31% used [0x0000000775780000,0x00000007757a8000,0x0000000775800000)
  to   space 47104K, 58% used [0x0000000778280000,0x0000000779d65ba8,0x000000077b080000)
 ParOldGen       total 2294784K, used 2251715K [0x00000006c6600000, 0x0000000752700000, 0x000000076cd00000)
  object space 2294784K, 98% used [0x00000006c6600000,0x000000074fcf0e78,0x0000000752700000)
 Metaspace       used 49247K, capacity 52800K, committed 53120K, reserved 1095680K
  class space    used 6787K, capacity 7442K, committed 7552K, reserved 1048576K
GC Heap History (10 events):
Event: 12737,814 GC heap after
Heap after GC invocations=61 (full 2):
 PSYoungGen      total 151552K, used 288K [0x000000076cd00000, 0x000000077c880000, 0x00000007c0000000)
  eden space 151040K, 0% used [0x000000076cd00000,0x000000076cd00000,0x0000000776080000)
  from space 512K, 56% used [0x0000000776400000,0x0000000776448000,0x0000000776480000)
  to   space 53248K, 0% used [0x0000000779480000,0x0000000779480000,0x000000077c880000)
 ParOldGen       total 197120K, used 154547K [0x00000006c6600000, 0x00000006d2680000, 0x000000076cd00000)
  object space 197120K, 78% used [0x00000006c6600000,0x00000006cfcece38,0x00000006d2680000)
 Metaspace       used 49246K, capacity 52800K, committed 53120K, reserved 1095680K
  class space    used 6787K, capacity 7442K, committed 7552K, reserved 1048576K
}
Event: 13194,499 GC heap before
{Heap before GC invocations=62 (full 2):
 PSYoungGen      total 151552K, used 151328K [0x000000076cd00000, 0x000000077c880000, 0x00000007c0000000)
  eden space 151040K, 100% used [0x000000076cd00000,0x0000000776080000,0x0000000776080000)
  from space 512K, 56% used [0x0000000776400000,0x0000000776448000,0x0000000776480000)
  to   space 53248K, 0% used [0x0000000779480000,0x0000000779480000,0x000000077c880000)
 ParOldGen       total 197120K, used 154547K [0x00000006c6600000, 0x00000006d2680000, 0x000000076cd00000)
  object space 197120K, 78% used [0x00000006c6600000,0x00000006cfcece38,0x00000006d2680000)
 Metaspace       used 49246K, capacity 52800K, committed 53120K, reserved 1095680K
  class space    used 6787K, capacity 7442K, committed 7552K, reserved 1048576K
Event: 13194,502 GC heap after
Heap after GC invocations=62 (full 2):
 PSYoungGen      total 196096K, used 96K [0x000000076cd00000, 0x000000077c380000, 0x00000007c0000000)
  eden space 147968K, 0% used [0x000000076cd00000,0x000000076cd00000,0x0000000775d80000)
  from space 48128K, 0% used [0x0000000779480000,0x0000000779498000,0x000000077c380000)
  to   space 52224K, 0% used [0x0000000775d80000,0x0000000775d80000,0x0000000779080000)
 ParOldGen       total 197120K, used 154547K [0x00000006c6600000, 0x00000006d2680000, 0x000000076cd00000)
  object space 197120K, 78% used [0x00000006c6600000,0x00000006cfcece38,0x00000006d2680000)
 Metaspace       used 49246K, capacity 52800K, committed 53120K, reserved 1095680K
  class space    used 6787K, capacity 7442K, committed 7552K, reserved 1048576K
}
Event: 13643,103 GC heap before
{Heap before GC invocations=63 (full 2):
 PSYoungGen      total 196096K, used 148064K [0x000000076cd00000, 0x000000077c380000, 0x00000007c0000000)
  eden space 147968K, 100% used [0x000000076cd00000,0x0000000775d80000,0x0000000775d80000)
  from space 48128K, 0% used [0x0000000779480000,0x0000000779498000,0x000000077c380000)
  to   space 52224K, 0% used [0x0000000775d80000,0x0000000775d80000,0x0000000779080000)
 ParOldGen       total 197120K, used 154547K [0x00000006c6600000, 0x00000006d2680000, 0x000000076cd00000)
  object space 197120K, 78% used [0x00000006c6600000,0x00000006cfcece38,0x00000006d2680000)
 Metaspace       used 49246K, capacity 52800K, committed 53120K, reserved 1095680K
  class space    used 6787K, capacity 7442K, committed 7552K, reserved 1048576K
Event: 13643,107 GC heap after
Heap after GC invocations=63 (full 2):
 PSYoungGen      total 145408K, used 128K [0x000000076cd00000, 0x000000077bd80000, 0x00000007c0000000)
  eden space 144896K, 0% used [0x000000076cd00000,0x000000076cd00000,0x0000000775a80000)
  from space 512K, 25% used [0x0000000775d80000,0x0000000775da0000,0x0000000775e00000)
  to   space 50688K, 0% used [0x0000000778c00000,0x0000000778c00000,0x000000077bd80000)
 ParOldGen       total 197120K, used 154547K [0x00000006c6600000, 0x00000006d2680000, 0x000000076cd00000)
  object space 197120K, 78% used [0x00000006c6600000,0x00000006cfcece38,0x00000006d2680000)
 Metaspace       used 49246K, capacity 52800K, committed 53120K, reserved 1095680K
  class space    used 6787K, capacity 7442K, committed 7552K, reserved 1048576K
}
Event: 14082,840 GC heap before
{Heap before GC invocations=64 (full 2):
 PSYoungGen      total 145408K, used 145024K [0x000000076cd00000, 0x000000077bd80000, 0x00000007c0000000)
  eden space 144896K, 100% used [0x000000076cd00000,0x0000000775a80000,0x0000000775a80000)
  from space 512K, 25% used [0x0000000775d80000,0x0000000775da0000,0x0000000775e00000)
  to   space 50688K, 0% used [0x0000000778c00000,0x0000000778c00000,0x000000077bd80000)
 ParOldGen       total 197120K, used 154547K [0x00000006c6600000, 0x00000006d2680000, 0x000000076cd00000)
  object space 197120K, 78% used [0x00000006c6600000,0x00000006cfcece38,0x00000006d2680000)
 Metaspace       used 49246K, capacity 52800K, committed 53120K, reserved 1095680K
  class space    used 6787K, capacity 7442K, committed 7552K, reserved 1048576K
Event: 14082,843 GC heap after
Heap after GC invocations=64 (full 2):
 PSYoungGen      total 186368K, used 128K [0x000000076cd00000, 0x000000077b780000, 0x00000007c0000000)
  eden space 141824K, 0% used [0x000000076cd00000,0x000000076cd00000,0x0000000775780000)
  from space 44544K, 0% used [0x0000000778c00000,0x0000000778c20000,0x000000077b780000)
  to   space 49152K, 0% used [0x0000000775780000,0x0000000775780000,0x0000000778780000)
 ParOldGen       total 197120K, used 154547K [0x00000006c6600000, 0x00000006d2680000, 0x000000076cd00000)
  object space 197120K, 78% used [0x00000006c6600000,0x00000006cfcece38,0x00000006d2680000)
 Metaspace       used 49246K, capacity 52800K, committed 53120K, reserved 1095680K
  class space    used 6787K, capacity 7442K, committed 7552K, reserved 1048576K
}
Event: 14512,847 GC heap before
{Heap before GC invocations=65 (full 2):
 PSYoungGen      total 186368K, used 141952K [0x000000076cd00000, 0x000000077b780000, 0x00000007c0000000)
  eden space 141824K, 100% used [0x000000076cd00000,0x0000000775780000,0x0000000775780000)
  from space 44544K, 0% used [0x0000000778c00000,0x0000000778c20000,0x000000077b780000)
  to   space 49152K, 0% used [0x0000000775780000,0x0000000775780000,0x0000000778780000)
 ParOldGen       total 197120K, used 154547K [0x00000006c6600000, 0x00000006d2680000, 0x000000076cd00000)
  object space 197120K, 78% used [0x00000006c6600000,0x00000006cfcece38,0x00000006d2680000)
 Metaspace       used 49246K, capacity 52800K, committed 53120K, reserved 1095680K
  class space    used 6787K, capacity 7442K, committed 7552K, reserved 1048576K
Event: 14512,850 GC heap after
Heap after GC invocations=65 (full 2):
 PSYoungGen      total 139264K, used 160K [0x000000076cd00000, 0x000000077b080000, 0x00000007c0000000)
  eden space 138752K, 0% used [0x000000076cd00000,0x000000076cd00000,0x0000000775480000)
  from space 512K, 31% used [0x0000000775780000,0x00000007757a8000,0x0000000775800000)
  to   space 47104K, 0% used [0x0000000778280000,0x0000000778280000,0x000000077b080000)
 ParOldGen       total 197120K, used 154547K [0x00000006c6600000, 0x00000006d2680000, 0x000000076cd00000)
  object space 197120K, 78% used [0x00000006c6600000,0x00000006cfcece38,0x00000006d2680000)
 Metaspace       used 49246K, capacity 52800K, committed 53120K, reserved 1095680K
  class space    used 6787K, capacity 7442K, committed 7552K, reserved 1048576K
}
Event: 14676,831 GC heap before
{Heap before GC invocations=66 (full 2):
 PSYoungGen      total 139264K, used 138912K [0x000000076cd00000, 0x000000077b080000, 0x00000007c0000000)
  eden space 138752K, 100% used [0x000000076cd00000,0x0000000775480000,0x0000000775480000)
  from space 512K, 31% used [0x0000000775780000,0x00000007757a8000,0x0000000775800000)
  to   space 47104K, 0% used [0x0000000778280000,0x0000000778280000,0x000000077b080000)
 ParOldGen       total 197120K, used 154547K [0x00000006c6600000, 0x00000006d2680000, 0x000000076cd00000)
  object space 197120K, 78% used [0x00000006c6600000,0x00000006cfcece38,0x00000006d2680000)
 Metaspace       used 49247K, capacity 52800K, committed 53120K, reserved 1095680K
  class space    used 6787K, capacity 7442K, committed 7552K, reserved 1048576K

